{
  level: 'info',
  message: 'token eyJhbGciOiJIUzI1NiIsInR5cCI6IkpXVCJ9.eyJ2ZXJpZnlfY29tcGFueV91cmwiOiJ1YmVyIiwidXNlcl9pZCI6MSwicm9sZV9uYW1lIjoiYWRtaW4iLCJyb2xlX2lkIjoxLCJlbWFpbF9pZCI6InViZXJAZ21haWwuY29tIiwiY29tcGFueV9uYW1lIjoiVWJlciIsImVtcF9uYW1lIjoiRGFyYSBLaG9zcm93c2hhaGkiLCJleHAiOjE3MTY5NjgzNTMxNzUsImlhdCI6MTcxNjk2NjkxM30.n7CEjR8IrJA7a6UeWECHSDFfBchMR5K1Z-cTIjPWaf0 is verified successfuly for the api fmsStep1',
  timestamp: '2024-05-29T14:22:29+05:30'
}
{
  level: 'info',
  message: '{"company_name":"Uber","user_id":1,"email_id":"uber@gmail.com","verify_company_url":"uber","emp_name":"Dara Khosrowshahi"} logged in autopilot fms',
  timestamp: '2024-05-29T14:22:30+05:30'
}
{
  level: 'info',
  message: 'Dara Khosrowshahi from company uber hit the api fmsStep1',
  timestamp: '2024-05-29T14:22:30+05:30'
}
{
  level: 'info',
  message: 'Dara Khosrowshahi is creating step1 by inserting data with {"fmsName":"fms three","fmsDescription":"aaa","fmsProcess":"1"}.Based on the request,step1 is created with the data {"_id":"6656eccec2a30cf14ada1623","fmsMasterId":3,"fmsCreatedBy":{"userID":1,"userEmail":"uber@gmail.com","userName":"Dara Khosrowshahi"},"fmsName":"fms three","fmsDescription":"aaa","fmsProcess":{"processId":1,"processName":"Process 1","processDescription":null,"processCoordinatorId":3,"problemSolverId":null,"processCoordinatorName":"Yunush Mohammed","problemSolverName":null},"noOfLive":0,"creationDate":"2024-05-29T14:22:30+05:30"}',
  timestamp: '2024-05-29T14:22:30+05:30'
}
{
  level: 'info',
  message: 'token eyJhbGciOiJIUzI1NiIsInR5cCI6IkpXVCJ9.eyJ2ZXJpZnlfY29tcGFueV91cmwiOiJ1YmVyIiwidXNlcl9pZCI6MSwicm9sZV9uYW1lIjoiYWRtaW4iLCJyb2xlX2lkIjoxLCJlbWFpbF9pZCI6InViZXJAZ21haWwuY29tIiwiY29tcGFueV9uYW1lIjoiVWJlciIsImVtcF9uYW1lIjoiRGFyYSBLaG9zcm93c2hhaGkiLCJleHAiOjE3MTY5NjgzNTMxNzUsImlhdCI6MTcxNjk2NjkxM30.n7CEjR8IrJA7a6UeWECHSDFfBchMR5K1Z-cTIjPWaf0 is verified successfuly for the api createFmsQuestionare',
  timestamp: '2024-05-29T14:22:46+05:30'
}
{
  level: 'info',
  message: 'token eyJhbGciOiJIUzI1NiIsInR5cCI6IkpXVCJ9.eyJ2ZXJpZnlfY29tcGFueV91cmwiOiJ1YmVyIiwidXNlcl9pZCI6MSwicm9sZV9uYW1lIjoiYWRtaW4iLCJyb2xlX2lkIjoxLCJlbWFpbF9pZCI6InViZXJAZ21haWwuY29tIiwiY29tcGFueV9uYW1lIjoiVWJlciIsImVtcF9uYW1lIjoiRGFyYSBLaG9zcm93c2hhaGkiLCJleHAiOjE3MTY5NjgzNTMxNzUsImlhdCI6MTcxNjk2NjkxM30.n7CEjR8IrJA7a6UeWECHSDFfBchMR5K1Z-cTIjPWaf0 is verified successfuly for the api addFmsUserAccess',
  timestamp: '2024-05-29T14:22:46+05:30'
}
{
  level: 'info',
  message: '{"company_name":"Uber","user_id":1,"email_id":"uber@gmail.com","verify_company_url":"uber","emp_name":"Dara Khosrowshahi"} logged in autopilot fms',
  timestamp: '2024-05-29T14:22:46+05:30'
}
{
  level: 'info',
  message: '{"company_name":"Uber","user_id":1,"email_id":"uber@gmail.com","verify_company_url":"uber","emp_name":"Dara Khosrowshahi"} logged in autopilot fms',
  timestamp: '2024-05-29T14:22:46+05:30'
}
{
  level: 'info',
  message: 'Dara Khosrowshahi from company uber  hit the api createFmsQuestionare',
  timestamp: '2024-05-29T14:22:46+05:30'
}
{
  level: 'info',
  message: 'Dara Khosrowshahi from company uber  hit the api addFmsUserAccess',
  timestamp: '2024-05-29T14:22:46+05:30'
}
{
  level: 'info',
  message: 'Dara Khosrowshahi assigned FMS Id:3 task and provided an access to [{"name":"Dara Khosrowshahi","id":1}]',
  timestamp: '2024-05-29T14:22:46+05:30'
}
{
  level: 'info',
  message: 'Dara Khosrowshahi updating {"$set":{"fmsQuestionare":[{"id":"8cbb5fa2-856d-4037-a295-048e41098dee","question":"a","required":true,"answerType":"TEXT","allowedAnswers":[]}]}} questionary and successfully updated {"acknowledged":true,"modifiedCount":1,"upsertedId":null,"upsertedCount":0,"matchedCount":1}',
  timestamp: '2024-05-29T14:22:46+05:30'
}
{
  level: 'info',
  message: 'token eyJhbGciOiJIUzI1NiIsInR5cCI6IkpXVCJ9.eyJ2ZXJpZnlfY29tcGFueV91cmwiOiJ1YmVyIiwidXNlcl9pZCI6MSwicm9sZV9uYW1lIjoiYWRtaW4iLCJyb2xlX2lkIjoxLCJlbWFpbF9pZCI6InViZXJAZ21haWwuY29tIiwiY29tcGFueV9uYW1lIjoiVWJlciIsImVtcF9uYW1lIjoiRGFyYSBLaG9zcm93c2hhaGkiLCJleHAiOjE3MTY5NjgzNTMxNzUsImlhdCI6MTcxNjk2NjkxM30.n7CEjR8IrJA7a6UeWECHSDFfBchMR5K1Z-cTIjPWaf0 is verified successfuly for the api createFmsSteps',
  timestamp: '2024-05-29T14:23:05+05:30'
}
{
  level: 'info',
  message: '{"company_name":"Uber","user_id":1,"email_id":"uber@gmail.com","verify_company_url":"uber","emp_name":"Dara Khosrowshahi"} logged in autopilot fms',
  timestamp: '2024-05-29T14:23:06+05:30'
}
{
  level: 'info',
  message: 'Dara Khosrowshahi from company uber  hit the api createFmsSteps',
  timestamp: '2024-05-29T14:23:06+05:30'
}
{
  level: 'info',
  message: 'Dara Khosrowshahi creating {"$set":{"fmsSteps":[{"who":{"typeOfShift":"All","employees":[{"employeName":"Dara Khosrowshahi","employeeId":1}]},"what":"something 1","when":"","how":{"type":"NONE","description":"","formStepsQustions":[],"miniStepsDetails":[]},"plannedDate":{"type":"TAThrs","duration":"1","durationType":"hrs","customTime":"default","working":"OUTSIDE"},"id":1,"stepType":"DOER","isWhatsAppEnabled":false,"whatsappData":{"templateMsg":"","internalEmployees":[],"externalEmployees":[]}}]}} fms steps and successfully updated {"acknowledged":true,"modifiedCount":1,"upsertedId":null,"upsertedCount":0,"matchedCount":1} fms steps',
  timestamp: '2024-05-29T14:23:06+05:30'
}
{
  level: 'info',
  message: 'token eyJhbGciOiJIUzI1NiIsInR5cCI6IkpXVCJ9.eyJ2ZXJpZnlfY29tcGFueV91cmwiOiJ1YmVyIiwidXNlcl9pZCI6MSwicm9sZV9uYW1lIjoiYWRtaW4iLCJyb2xlX2lkIjoxLCJlbWFpbF9pZCI6InViZXJAZ21haWwuY29tIiwiY29tcGFueV9uYW1lIjoiVWJlciIsImVtcF9uYW1lIjoiRGFyYSBLaG9zcm93c2hhaGkiLCJleHAiOjE3MTY5NjgzNTMxNzUsImlhdCI6MTcxNjk2NjkxM30.n7CEjR8IrJA7a6UeWECHSDFfBchMR5K1Z-cTIjPWaf0 is verified successfuly for the api makeFmsLive',
  timestamp: '2024-05-29T14:23:08+05:30'
}
{
  level: 'info',
  message: '{"company_name":"Uber","user_id":1,"email_id":"uber@gmail.com","verify_company_url":"uber","emp_name":"Dara Khosrowshahi"} logged in autopilot fms',
  timestamp: '2024-05-29T14:23:08+05:30'
}
{
  level: 'info',
  message: 'Dara Khosrowshahi from company uber  hit the api makeFmsLive',
  timestamp: '2024-05-29T14:23:08+05:30'
}
{
  level: 'info',
  message: 'FMS id:3 is set to live by Dara Khosrowshahi',
  timestamp: '2024-05-29T14:23:08+05:30'
}
{
  level: 'info',
  message: 'Dara Khosrowshahi submitted FMS QA: {"fmsName":"fms three","fmsMasterID":3,"fmsQA":[{"id":"8cbb5fa2-856d-4037-a295-048e41098dee","question":"a","required":true,"answerType":"TEXT","allowedAnswers":[],"answer":"aa"}]}',
  timestamp: '2024-05-29T14:42:56+05:30'
}
{
  level: 'info',
  message: 'FMS id: 3 is put to live by Dara Khosrowshahi ',
  timestamp: '2024-05-29T14:42:56+05:30'
}
